{"path":"/logs/data.json","@timestamp":"2016-12-29T18:26:29.375Z","@version":"1","host":"1ea709bf1f32","message":"{\"Property 1\":\"value A\",\"Property 2\":\"value B\"},","type":"json","tags":["_jsonparsefailure"]}
{"path":"/logs/data.json","@timestamp":"2016-12-29T18:29:53.007Z","@version":"1","host":"1ea709bf1f32","message":"{\"Property 9\":\"value p\",\"Property 2\":\"value y\"},","type":"json","tags":["_jsonparsefailure"]}
{"path":"/logs/data.json","@timestamp":"2016-12-30T07:35:14.045Z","@version":"1","host":"1ea709bf1f32","message":"{\"Property 1\":\"value A\",\"Property 2\":\"value B\"},","type":"json","tags":["_jsonparsefailure"]}
{"path":"/logs/data.json","@timestamp":"2016-12-30T07:35:14.046Z","@version":"1","host":"1ea709bf1f32","message":"{\"Property 2\":\"value F\",\"Property 2\":\"value V\"},","type":"json","tags":["_jsonparsefailure"]}
{"path":"/logs/data.json","@timestamp":"2016-12-30T07:35:14.049Z","@version":"1","host":"1ea709bf1f32","message":"{\"Property 1\":\"value A\",\"Property 2\":\"value B\"},","type":"json","tags":["_jsonparsefailure"]}
{"path":"/logs/data.json","@timestamp":"2016-12-30T07:35:14.050Z","@version":"1","host":"1ea709bf1f32","message":"{\"Property 2\":\"value F\",\"Property 2\":\"value V\"},","type":"json","tags":["_jsonparsefailure"]}
{"path":"/logs/data.json","@timestamp":"2016-12-30T07:35:14.045Z","@version":"1","host":"1ea709bf1f32","message":"{\"Property 1\":\"value A\",\"Property 2\":\"value B\"},","type":"json","tags":["_jsonparsefailure"]}
{"path":"/logs/data.json","@timestamp":"2016-12-30T07:35:14.046Z","@version":"1","host":"1ea709bf1f32","message":"{\"Property 2\":\"value F\",\"Property 2\":\"value V\"},","type":"json","tags":["_jsonparsefailure"]}
{"path":"/logs/data.json","@timestamp":"2016-12-30T07:35:14.049Z","@version":"1","host":"1ea709bf1f32","message":"{\"Property 1\":\"value A\",\"Property 2\":\"value B\"},","type":"json","tags":["_jsonparsefailure"]}
{"path":"/logs/data.json","@timestamp":"2016-12-30T07:35:14.050Z","@version":"1","host":"1ea709bf1f32","message":"{\"Property 2\":\"value F\",\"Property 2\":\"value V\"},","type":"json","tags":["_jsonparsefailure"]}
{"path":"/logs/data.json","@timestamp":"2016-12-30T07:35:49.307Z","@version":"1","host":"1ea709bf1f32","message":"{\"Property 1\":\"value A\",\"Property 2\":\"value B\"},","type":"json","tags":["_jsonparsefailure"]}
{"path":"/logs/data.json","@timestamp":"2016-12-30T07:35:49.318Z","@version":"1","host":"1ea709bf1f32","message":"{\"Property 2\":\"value F\",\"Property 2\":\"value V\"},","type":"json","tags":["_jsonparsefailure"]}
{"path":"/logs/data.json","@timestamp":"2016-12-30T07:35:49.292Z","@version":"1","host":"1ea709bf1f32","message":"{\"Property 1\":\"value A\",\"Property 2\":\"value B\"},","type":"json","tags":["_jsonparsefailure"]}
{"path":"/logs/data.json","@timestamp":"2016-12-30T07:35:49.295Z","@version":"1","host":"1ea709bf1f32","message":"{\"Property 1\":\"value A\",\"Property 2\":\"value B\"},","type":"json","tags":["_jsonparsefailure"]}
{"path":"/logs/data.json","@timestamp":"2016-12-30T07:35:49.294Z","@version":"1","host":"1ea709bf1f32","message":"{\"Property 2\":\"value F\",\"Property 2\":\"value V\"},","type":"json","tags":["_jsonparsefailure"]}
{"path":"/logs/data.json","@timestamp":"2016-12-30T07:35:49.302Z","@version":"1","host":"1ea709bf1f32","message":"{\"Property 2\":\"value F\",\"Property 2\":\"value V\"},","type":"json","tags":["_jsonparsefailure"]}
{"path":"/logs/data.json","@timestamp":"2016-12-30T07:35:49.307Z","@version":"1","host":"1ea709bf1f32","message":"{\"Property 1\":\"value A\",\"Property 2\":\"value B\"},","type":"json","tags":["_jsonparsefailure"]}
{"path":"/logs/data.json","@timestamp":"2016-12-30T07:35:49.318Z","@version":"1","host":"1ea709bf1f32","message":"{\"Property 2\":\"value F\",\"Property 2\":\"value V\"},","type":"json","tags":["_jsonparsefailure"]}
{"path":"/logs/data.json","@timestamp":"2016-12-30T07:35:49.307Z","@version":"1","host":"1ea709bf1f32","message":"{\"Property 1\":\"value A\",\"Property 2\":\"value B\"},","type":"json","tags":["_jsonparsefailure"]}
{"path":"/logs/data.json","@timestamp":"2016-12-30T07:35:49.318Z","@version":"1","host":"1ea709bf1f32","message":"{\"Property 2\":\"value F\",\"Property 2\":\"value V\"},","type":"json","tags":["_jsonparsefailure"]}
{"path":"/logs/data.json","@timestamp":"2016-12-30T07:35:49.292Z","@version":"1","host":"1ea709bf1f32","message":"{\"Property 1\":\"value A\",\"Property 2\":\"value B\"},","type":"json","tags":["_jsonparsefailure"]}
{"path":"/logs/data.json","@timestamp":"2016-12-30T07:35:49.295Z","@version":"1","host":"1ea709bf1f32","message":"{\"Property 1\":\"value A\",\"Property 2\":\"value B\"},","type":"json","tags":["_jsonparsefailure"]}
{"path":"/logs/data.json","@timestamp":"2016-12-30T07:35:49.294Z","@version":"1","host":"1ea709bf1f32","message":"{\"Property 2\":\"value F\",\"Property 2\":\"value V\"},","type":"json","tags":["_jsonparsefailure"]}
{"path":"/logs/data.json","@timestamp":"2016-12-30T07:35:49.302Z","@version":"1","host":"1ea709bf1f32","message":"{\"Property 2\":\"value F\",\"Property 2\":\"value V\"},","type":"json","tags":["_jsonparsefailure"]}
{"path":"/logs/data.json","@timestamp":"2016-12-30T07:35:49.292Z","@version":"1","host":"1ea709bf1f32","message":"{\"Property 1\":\"value A\",\"Property 2\":\"value B\"},","type":"json","tags":["_jsonparsefailure"]}
{"path":"/logs/data.json","@timestamp":"2016-12-30T07:35:49.295Z","@version":"1","host":"1ea709bf1f32","message":"{\"Property 1\":\"value A\",\"Property 2\":\"value B\"},","type":"json","tags":["_jsonparsefailure"]}
{"path":"/logs/data.json","@timestamp":"2016-12-30T07:35:49.294Z","@version":"1","host":"1ea709bf1f32","message":"{\"Property 2\":\"value F\",\"Property 2\":\"value V\"},","type":"json","tags":["_jsonparsefailure"]}
{"path":"/logs/data.json","@timestamp":"2016-12-30T07:35:49.302Z","@version":"1","host":"1ea709bf1f32","message":"{\"Property 2\":\"value F\",\"Property 2\":\"value V\"},","type":"json","tags":["_jsonparsefailure"]}
{"path":"/logs/data.json","@timestamp":"2016-12-30T07:36:07.480Z","@version":"1","host":"1ea709bf1f32","message":"{\"Property 1\":\"value A\",\"Property 2\":\"value B\"},","type":"json","tags":["_jsonparsefailure"]}
{"path":"/logs/data.json","@timestamp":"2016-12-30T07:36:07.481Z","@version":"1","host":"1ea709bf1f32","message":"{\"Property 2\":\"value F\",\"Property 2\":\"value V\"},","type":"json","tags":["_jsonparsefailure"]}
{"path":"/logs/data.json","@timestamp":"2016-12-30T07:36:07.481Z","@version":"1","host":"1ea709bf1f32","message":"{\"Property 1\":\"value A\",\"Property 2\":\"value B\"},","type":"json","tags":["_jsonparsefailure"]}
{"path":"/logs/data.json","@timestamp":"2016-12-30T07:36:07.487Z","@version":"1","host":"1ea709bf1f32","message":"{\"Property 2\":\"value F\",\"Property 2\":\"value V\"},","type":"json","tags":["_jsonparsefailure"]}
{"path":"/logs/data.json","@timestamp":"2016-12-30T07:36:07.480Z","@version":"1","host":"1ea709bf1f32","message":"{\"Property 1\":\"value A\",\"Property 2\":\"value B\"},","type":"json","tags":["_jsonparsefailure"]}
{"path":"/logs/data.json","@timestamp":"2016-12-30T07:36:07.481Z","@version":"1","host":"1ea709bf1f32","message":"{\"Property 2\":\"value F\",\"Property 2\":\"value V\"},","type":"json","tags":["_jsonparsefailure"]}
{"path":"/logs/data.json","@timestamp":"2016-12-30T07:36:07.481Z","@version":"1","host":"1ea709bf1f32","message":"{\"Property 1\":\"value A\",\"Property 2\":\"value B\"},","type":"json","tags":["_jsonparsefailure"]}
{"path":"/logs/data.json","@timestamp":"2016-12-30T07:36:07.487Z","@version":"1","host":"1ea709bf1f32","message":"{\"Property 2\":\"value F\",\"Property 2\":\"value V\"},","type":"json","tags":["_jsonparsefailure"]}
{"path":"/logs/data.json","@timestamp":"2016-12-30T07:36:16.568Z","@version":"1","host":"1ea709bf1f32","message":"{\"Property 1\":\"value A\",\"Property 2\":\"value B\"},","type":"json","tags":["_jsonparsefailure"]}
{"path":"/logs/data.json","@timestamp":"2016-12-30T07:36:16.575Z","@version":"1","host":"1ea709bf1f32","message":"{\"Property 2\":\"value F\",\"Property 2\":\"value V\"},","type":"json","tags":["_jsonparsefailure"]}
{"path":"/logs/data.json","@timestamp":"2016-12-30T07:36:16.574Z","@version":"1","host":"1ea709bf1f32","message":"{\"Property 1\":\"value A\",\"Property 2\":\"value B\"},","type":"json","tags":["_jsonparsefailure"]}
{"path":"/logs/data.json","@timestamp":"2016-12-30T07:36:16.576Z","@version":"1","host":"1ea709bf1f32","message":"{\"Property 2\":\"value F\",\"Property 2\":\"value V\"},","type":"json","tags":["_jsonparsefailure"]}
{"path":"/logs/data.json","@timestamp":"2016-12-30T07:36:16.568Z","@version":"1","host":"1ea709bf1f32","message":"{\"Property 1\":\"value A\",\"Property 2\":\"value B\"},","type":"json","tags":["_jsonparsefailure"]}
{"path":"/logs/data.json","@timestamp":"2016-12-30T07:36:16.575Z","@version":"1","host":"1ea709bf1f32","message":"{\"Property 2\":\"value F\",\"Property 2\":\"value V\"},","type":"json","tags":["_jsonparsefailure"]}
{"path":"/logs/data.json","@timestamp":"2016-12-30T07:36:16.574Z","@version":"1","host":"1ea709bf1f32","message":"{\"Property 1\":\"value A\",\"Property 2\":\"value B\"},","type":"json","tags":["_jsonparsefailure"]}
{"path":"/logs/data.json","@timestamp":"2016-12-30T07:36:16.576Z","@version":"1","host":"1ea709bf1f32","message":"{\"Property 2\":\"value F\",\"Property 2\":\"value V\"},","type":"json","tags":["_jsonparsefailure"]}
{"path":"/logs/data.json","@timestamp":"2016-12-30T07:38:17.030Z","@version":"1","host":"1ea709bf1f32","message":"{\"Property 1\":\"value A\",\"Property 2\":\"value B\"},","type":"json","tags":["_jsonparsefailure"]}
{"path":"/logs/data.json","@timestamp":"2016-12-30T07:38:17.036Z","@version":"1","host":"1ea709bf1f32","message":"{\"Property 2\":\"value F\",\"Property 2\":\"value V\"},","type":"json","tags":["_jsonparsefailure"]}
{"path":"/logs/data.json","@timestamp":"2016-12-30T07:45:38.215Z","@version":"1","host":"1ea709bf1f32","message":"{\"Property 1\":\"value A\",\"Property 2\":\"value B\"},","type":"json","tags":["_jsonparsefailure"]}
{"path":"/logs/data.json","@timestamp":"2016-12-30T07:45:38.216Z","@version":"1","host":"1ea709bf1f32","message":"{\"Property 2\":\"value F\",\"Property 2\":\"value V\"},","type":"json","tags":["_jsonparsefailure"]}
{"path":"/logs/data.json","@timestamp":"2016-12-30T08:16:05.617Z","@version":"1","host":"aeecda830b47","message":"{\"Property 1\":\"value A\",\"Property 2\":\"value B\"},","type":"json","tags":["_jsonparsefailure"]}
{"path":"/logs/data.json","@timestamp":"2016-12-30T08:16:05.621Z","@version":"1","host":"aeecda830b47","message":"{\"Property 2\":\"value F\",\"Property 2\":\"value V\"},","type":"json","tags":["_jsonparsefailure"]}
{"@timestamp":"2016-12-30T08:17:09.050Z","port":49564,"@version":"1","host":"172.21.0.1","message":"Dec 23 12:11:43 louis postfix/smtpd[31499]: connect from unknown[95.75.93.154]\r","type":"syslog","tags":["_jsonparsefailure"]}
{"@timestamp":"2016-12-30T08:31:14.352Z","port":49564,"@version":"1","host":"172.21.0.1","message":"\\xFF\\xF4\\xFF\\xFD\\u0006\\xFF\\xF4\\xFF\\xFD\\u0006\\xFF\\xF4\\xFF\\xFD\\u0006\\xFF\\xED\\xFF\\xFD\\u0006\\r","type":"syslog","tags":["_jsonparsefailure"]}
{"@timestamp":"2016-12-30T08:31:20.126Z","port":49564,"@version":"1","host":"172.21.0.1","message":"\\xFF\\xF4\\xFF\\xFD\\u0006\\xFF\\xED\\xFF\\xFD\\u0006\\xFF\\xED\\xFF\\xFD\\u0006\\xFF\\xF4\\xFF\\xFD\\u0006\\xFF\\xED\\xFF\\xFD\\u0006\\xFF\\xF4\\xFF\\xFD\\u0006\\xFF\\xED\\xFF\\xFD\\u0006\\r","type":"syslog","tags":["_jsonparsefailure"]}
{"@timestamp":"2016-12-30T08:31:20.710Z","port":49564,"@version":"1","host":"172.21.0.1","message":"\r","type":"syslog","tags":["_jsonparsefailure"]}
{"@timestamp":"2016-12-30T08:31:29.582Z","port":49564,"@version":"1","host":"172.21.0.1","message":"\u001B\u001B\r","type":"syslog","tags":["_jsonparsefailure"]}
{"@timestamp":"2016-12-30T08:31:30.142Z","port":49564,"@version":"1","host":"172.21.0.1","message":"\r","type":"syslog","tags":["_jsonparsefailure"]}
{"@timestamp":"2016-12-30T08:34:19.969Z","port":49564,"@version":"1","host":"172.21.0.1","message":"\\xFF\\xED\\xFF\\xFD\\u0006^]\\r","type":"syslog","tags":["_jsonparsefailure"]}
{"@timestamp":"2016-12-30T08:34:23.480Z","port":49564,"@version":"1","host":"172.21.0.1","message":"^]\r","type":"syslog","tags":["_jsonparsefailure"]}
{"@timestamp":"2016-12-30T08:37:18.839Z","port":49564,"@version":"1","host":"172.21.0.1","message":"\\xFF\\xF4\\xFF\\xFD\\u0006\\xFF\\xED\\xFF\\xFD\\u0006","type":"syslog","tags":["_jsonparsefailure"]}
